<?xml version="1.0" encoding="utf-8"?><testsuites><testsuite name="pytest" errors="0" failures="0" skipped="0" tests="4" time="7.731" timestamp="2026-06-08T16:39:35.422868" hostname="LAPTOP-3QDP3IDF"><testcase classname="tests.test_dq_rules" name="test_not_null_rule_fails_when_null_present" time="0.110" /><testcase classname="tests.test_dq_rules" name="test_unique_rule_detects_duplicates" time="0.002" /><testcase classname="tests.test_dq_rules" name="test_accepted_values_rule" time="0.002" /><testcase classname="tests.test_dq_rules" name="test_freshness_rule_passes_with_recent_data" time="0.010" /></testsuite></testsuites>