<?xml version="1.0" encoding="utf-8"?><testsuites name="pytest tests"><testsuite name="pytest" errors="0" failures="0" skipped="0" tests="4" time="5.863" timestamp="2026-06-08T17:12:58.237682-04:00" hostname="LAPTOP-3QDP3IDF"><testcase classname="tests.test_dq_rules" name="test_not_null_rule_fails_when_null_present" time="0.005" /><testcase classname="tests.test_dq_rules" name="test_unique_rule_detects_duplicates" time="0.002" /><testcase classname="tests.test_dq_rules" name="test_accepted_values_rule" time="0.002" /><testcase classname="tests.test_dq_rules" name="test_freshness_rule_passes_with_recent_data" time="0.009" /></testsuite></testsuites>